<?xml version="1.0" encoding="UTF-8"?>
<testsuite xmlns:xsi="http://www.w3.org/2001/XMLSchema-instance" xsi:noNamespaceSchemaLocation="https://maven.apache.org/surefire/maven-surefire-plugin/xsd/surefire-test-report-3.0.xsd" version="3.0" name="com.accenture.qa.runners.RunCucumberTest" time="88.376" tests="7" errors="0" skipped="0" failures="0">
  <properties>
[...]
</properties>
  <testcase name="Abrir uma nova janela ao clicar em New Window e validar conteúdo" classname="Browser Windows - New Window" time="6.825">
    <system-out><![CDATA[
@browserwindows
Scenario: Abrir uma nova janela ao clicar em New Window e validar conteÃºdo &amp#27;[90m# features/browser_windows.feature:4&amp#27;[0m
  &amp#27;[32mGiven &amp#27;[0m&amp#27;[32mque estou na tela de Browser Windows&amp#27;[0m                               &amp#27;[90m# com.accenture.qa.steps.BrowserWindowsSteps.que_estou_na_tela_de_browser_windows()&amp#27;[0m
  &amp#27;[32mWhen &amp#27;[0m&amp#27;[32mclico em New Window&amp#27;[0m                                                 &amp#27;[90m# com.accenture.qa.steps.BrowserWindowsSteps.clico_em_new_window()&amp#27;[0m
  &amp#27;[32mThen &amp#27;[0m&amp#27;[32mdevo ver a mensagem &amp#27;[0m&amp#27;[32m&amp#27;[1m"This is a sample page"&amp#27;[0m&amp#27;[32m na nova janela&amp#27;[0m          &amp#27;[90m# com.accenture.qa.steps.BrowserWindowsSteps.devo_ver_a_mensagem_na_nova_janela(java.lang.String)&amp#27;[0m
]]></system-out>
    <system-err><![CDATA[jan 18, 2026 9:24:28 PM org.openqa.selenium.devtools.CdpVersionFinder findNearestMatch
ADVERTÊNCIA: Unable to find CDP implementation matching 143
jan 18, 2026 9:24:28 PM org.openqa.selenium.chromium.ChromiumDriver lambda$new$5
ADVERTÊNCIA: Unable to find version of CDP to use for 143.0.7499.194. You may need to include a dependency on a specific version of the CDP using something similar to `org.seleniumhq.selenium:selenium-devtools-v86:4.17.0` where the version ("v86") matches the version of the chromium-based browser you're using and the version number of the artifact is the same as Selenium's.
]]></system-err>
  </testcase>
  <testcase name="Preencher e enviar o formulário com dados randomizados" classname="Formulário Practice Form" time="11.642">
    <system-out><![CDATA[
@practiceform
Scenario: Preencher e enviar o formulÃ¡rio com dados randomizados       &amp#27;[90m# features/practice_form.feature:4&amp#27;[0m
  &amp#27;[32mGiven &amp#27;[0m&amp#27;[32mque estou na pagina do Practice Form&amp#27;[0m                           &amp#27;[90m# com.accenture.qa.steps.PracticeFormSteps.que_estou_na_pagina_do_practice_form()&amp#27;[0m
  &amp#27;[32mWhen &amp#27;[0m&amp#27;[32mpreencho e envio o formulario com dados randomizados&amp#27;[0m            &amp#27;[90m# com.accenture.qa.steps.PracticeFormSteps.preencho_e_envio_o_formulario_com_dados_randomizados()&amp#27;[0m
  &amp#27;[32mThen &amp#27;[0m&amp#27;[32mdevo ver o envio com sucesso, fechar o popup e validar os dados&amp#27;[0m &amp#27;[90m# com.accenture.qa.steps.PracticeFormSteps.devo_ver_o_envio_com_sucesso_fechar_o_popup_e_validar_os_dados()&amp#27;[0m
]]></system-out>
    <system-err><![CDATA[jan 18, 2026 9:24:34 PM org.openqa.selenium.devtools.CdpVersionFinder findNearestMatch
ADVERTÊNCIA: Unable to find CDP implementation matching 143
jan 18, 2026 9:24:34 PM org.openqa.selenium.chromium.ChromiumDriver lambda$new$5
ADVERTÊNCIA: Unable to find version of CDP to use for 143.0.7499.194. You may need to include a dependency on a specific version of the CDP using something similar to `org.seleniumhq.selenium:selenium-devtools-v86:4.17.0` where the version ("v86") matches the version of the chromium-based browser you're using and the version number of the artifact is the same as Selenium's.
]]></system-err>
  </testcase>
  <testcase name="Start, parar antes de 25, validar &lt;=25 e retomar ate 100" classname="Progress Bar - Controle de progresso" time="15.117">
    <system-out><![CDATA[
@progressbar
Scenario: Start, parar antes de 25, validar <=25 e retomar ate 100              &amp#27;[90m# features/progress_bar.feature:4&amp#27;[0m
  &amp#27;[32mGiven &amp#27;[0m&amp#27;[32mque estou na tela de Progress Bar&amp#27;[0m                                       &amp#27;[90m# com.accenture.qa.steps.ProgressBarSteps.que_estou_na_tela_de_progress_bar()&amp#27;[0m
  &amp#27;[32mWhen &amp#27;[0m&amp#27;[32minicio a progress bar, paro antes de 25, valido e retomo ate 100&amp#27;[0m         &amp#27;[90m# com.accenture.qa.steps.ProgressBarSteps.inicio_paro_valido_retomo_ate_100()&amp#27;[0m
  &amp#27;[32mThen &amp#27;[0m&amp#27;[32mo valor ao parar deve ser 25 ou menor e a progress bar deve chegar a 100&amp#27;[0m &amp#27;[90m# com.accenture.qa.steps.ProgressBarSteps.validar_resultados()&amp#27;[0m
]]></system-out>
    <system-err><![CDATA[jan 18, 2026 9:24:46 PM org.openqa.selenium.devtools.CdpVersionFinder findNearestMatch
ADVERTÊNCIA: Unable to find CDP implementation matching 143
jan 18, 2026 9:24:46 PM org.openqa.selenium.chromium.ChromiumDriver lambda$new$5
ADVERTÊNCIA: Unable to find version of CDP to use for 143.0.7499.194. You may need to include a dependency on a specific version of the CDP using something similar to `org.seleniumhq.selenium:selenium-devtools-v86:4.17.0` where the version ("v86") matches the version of the chromium-based browser you're using and the version number of the artifact is the same as Selenium's.
]]></system-err>
  </testcase>
  <testcase name="Ordenar itens do Sortable em ordem decrescente" classname="Sortable - Ordenação por drag and drop" time="18.887">
    <system-out><![CDATA[
@sortable
Scenario: Ordenar itens do Sortable em ordem decrescente  &amp#27;[90m# features/sortable.feature:4&amp#27;[0m
  &amp#27;[32mGiven &amp#27;[0m&amp#27;[32mque estou na tela de Sortable&amp#27;[0m                     &amp#27;[90m# com.accenture.qa.steps.SortableSteps.que_estou_na_tela_de_sortable()&amp#27;[0m
  &amp#27;[32mWhen &amp#27;[0m&amp#27;[32morganizo os itens do Sortable em ordem decrescente&amp#27;[0m &amp#27;[90m# com.accenture.qa.steps.SortableSteps.organizo_os_itens_do_sortable_em_ordem_decrescente()&amp#27;[0m
  &amp#27;[32mThen &amp#27;[0m&amp#27;[32mdevo ver os itens na ordem decrescente&amp#27;[0m             &amp#27;[90m# com.accenture.qa.steps.SortableSteps.devo_ver_os_itens_na_ordem_decrescente()&amp#27;[0m
]]></system-out>
    <system-err><![CDATA[jan 18, 2026 9:25:01 PM org.openqa.selenium.devtools.CdpVersionFinder findNearestMatch
ADVERTÊNCIA: Unable to find CDP implementation matching 143
jan 18, 2026 9:25:01 PM org.openqa.selenium.chromium.ChromiumDriver lambda$new$5
ADVERTÊNCIA: Unable to find version of CDP to use for 143.0.7499.194. You may need to include a dependency on a specific version of the CDP using something similar to `org.seleniumhq.selenium:selenium-devtools-v86:4.17.0` where the version ("v86") matches the version of the chromium-based browser you're using and the version number of the artifact is the same as Selenium's.
]]></system-err>
  </testcase>
  <testcase name="Criar 12 registros e validar inclusao" classname="Web Tables - CRUD e validacoes" time="21.187">
    <system-out><![CDATA[
@webtables @create
Scenario: Criar 12 registros e validar inclusao         &amp#27;[90m# features/web_tables.feature:8&amp#27;[0m
  &amp#27;[32mGiven &amp#27;[0m&amp#27;[32mque estou na tela de Web Tables&amp#27;[0m                 &amp#27;[90m# com.accenture.qa.steps.WebTablesSteps.que_estou_na_tela_de_web_tables()&amp#27;[0m
  &amp#27;[32mWhen &amp#27;[0m&amp#27;[32madiciono 12 registros aleatorios&amp#27;[0m                 &amp#27;[90m# com.accenture.qa.steps.WebTablesSteps.adiciono_12_registros_aleatorios()&amp#27;[0m
  &amp#27;[32mAnd &amp#27;[0m&amp#27;[32mdeleto os 12 registros criados&amp#27;[0m                    &amp#27;[90m# com.accenture.qa.steps.WebTablesSteps.deleto_os_12_registros_criados()&amp#27;[0m
  &amp#27;[32mThen &amp#27;[0m&amp#27;[32mdevo visualizar 12 registros removidos da tabela&amp#27;[0m &amp#27;[90m# com.accenture.qa.steps.WebTablesSteps.devo_visualizar_12_registros_removidos_da_tabela()&amp#27;[0m
]]></system-out>
    <system-err><![CDATA[jan 18, 2026 9:25:20 PM org.openqa.selenium.devtools.CdpVersionFinder findNearestMatch
ADVERTÊNCIA: Unable to find CDP implementation matching 143
jan 18, 2026 9:25:20 PM org.openqa.selenium.chromium.ChromiumDriver lambda$new$5
ADVERTÊNCIA: Unable to find version of CDP to use for 143.0.7499.194. You may need to include a dependency on a specific version of the CDP using something similar to `org.seleniumhq.selenium:selenium-devtools-v86:4.17.0` where the version ("v86") matches the version of the chromium-based browser you're using and the version number of the artifact is the same as Selenium's.
]]></system-err>
  </testcase>
  <testcase name="Editar um registro e validar alteracao" classname="Web Tables - CRUD e validacoes" time="7.874">
    <system-out><![CDATA[
@webtables @update
Scenario: Editar um registro e validar alteracao     &amp#27;[90m# features/web_tables.feature:14&amp#27;[0m
  &amp#27;[32mGiven &amp#27;[0m&amp#27;[32mque estou na tela de Web Tables&amp#27;[0m              &amp#27;[90m# com.accenture.qa.steps.WebTablesSteps.que_estou_na_tela_de_web_tables()&amp#27;[0m
  &amp#27;[32mWhen &amp#27;[0m&amp#27;[32madiciono 1 registro aleatorio&amp#27;[0m                 &amp#27;[90m# com.accenture.qa.steps.WebTablesSteps.adiciono_1_registro_aleatorio()&amp#27;[0m
  &amp#27;[32mAnd &amp#27;[0m&amp#27;[32medito o registro criado&amp#27;[0m                        &amp#27;[90m# com.accenture.qa.steps.WebTablesSteps.edito_o_registro_criado()&amp#27;[0m
  &amp#27;[32mThen &amp#27;[0m&amp#27;[32mo registro deve refletir os dados atualizados&amp#27;[0m &amp#27;[90m# com.accenture.qa.steps.WebTablesSteps.o_registro_deve_refletir_os_dados_atualizados()&amp#27;[0m
]]></system-out>
    <system-err><![CDATA[jan 18, 2026 9:25:41 PM org.openqa.selenium.devtools.CdpVersionFinder findNearestMatch
ADVERTÊNCIA: Unable to find CDP implementation matching 143
jan 18, 2026 9:25:41 PM org.openqa.selenium.chromium.ChromiumDriver lambda$new$5
ADVERTÊNCIA: Unable to find version of CDP to use for 143.0.7499.194. You may need to include a dependency on a specific version of the CDP using something similar to `org.seleniumhq.selenium:selenium-devtools-v86:4.17.0` where the version ("v86") matches the version of the chromium-based browser you're using and the version number of the artifact is the same as Selenium's.
]]></system-err>
  </testcase>
  <testcase name="Deletar um registro e validar remocao" classname="Web Tables - CRUD e validacoes" time="6.749">
    <system-out><![CDATA[
@webtables @delete
Scenario: Deletar um registro e validar remocao   &amp#27;[90m# features/web_tables.feature:20&amp#27;[0m
  &amp#27;[32mGiven &amp#27;[0m&amp#27;[32mque estou na tela de Web Tables&amp#27;[0m           &amp#27;[90m# com.accenture.qa.steps.WebTablesSteps.que_estou_na_tela_de_web_tables()&amp#27;[0m
  &amp#27;[32mWhen &amp#27;[0m&amp#27;[32madiciono 1 registro aleatorio&amp#27;[0m              &amp#27;[90m# com.accenture.qa.steps.WebTablesSteps.adiciono_1_registro_aleatorio()&amp#27;[0m
  &amp#27;[32mAnd &amp#27;[0m&amp#27;[32mdeleto o registro criado&amp#27;[0m                    &amp#27;[90m# com.accenture.qa.steps.WebTablesSteps.deleto_o_registro_criado()&amp#27;[0m
  &amp#27;[32mThen &amp#27;[0m&amp#27;[32mo registro nao deve mais existir na tabela&amp#27;[0m &amp#27;[90m# com.accenture.qa.steps.WebTablesSteps.o_registro_nao_deve_mais_existir_na_tabela()&amp#27;[0m
]]></system-out>
    <system-err><![CDATA[jan 18, 2026 9:25:49 PM org.openqa.selenium.devtools.CdpVersionFinder findNearestMatch
ADVERTÊNCIA: Unable to find CDP implementation matching 143
jan 18, 2026 9:25:49 PM org.openqa.selenium.chromium.ChromiumDriver lambda$new$5
ADVERTÊNCIA: Unable to find version of CDP to use for 143.0.7499.194. You may need to include a dependency on a specific version of the CDP using something similar to `org.seleniumhq.selenium:selenium-devtools-v86:4.17.0` where the version ("v86") matches the version of the chromium-based browser you're using and the version number of the artifact is the same as Selenium's.
]]></system-err>
  </testcase>
</testsuite>